gdb-peda$ b *main+126
Breakpoint 1 at 0x8977
gdb-peda$ r
Starting program: /home/tkitahar/ctf/pwn/nishi-shinjuku/rop/rop 
You can put message 4 times
Input (1/4) >> Warning: 'set logging off', an alias for the command 'set logging enabled', is deprecated.
Use 'set logging enabled off'.

Warning: 'set logging on', an alias for the command 'set logging enabled', is deprecated.
Use 'set logging enabled on'.


[----------------------------------registers-----------------------------------]
RAX: 0x7fffffffe100 --> 0x0 
RBX: 0x7fffffffe318 --> 0x7fffffffe6fd ("SYSTEMD_EXEC_PID=533455")
RCX: 0x7ffff7f7d547 (<write+23>:	cmp    rax,0xfffffffffffff000)
RDX: 0x70 ('p')
RSI: 0x7fffffffe100 --> 0x0 
RDI: 0x0 
RBP: 0x7fffffffe120 --> 0x1 
RSP: 0x7fffffffe0f0 --> 0xcc510 
RIP: 0x7ffff7f2f977 (<main+126>:	call   0x7ffff7f7d490 <read>)
R8 : 0x0 
R9 : 0x0 
R10: 0xa ('\n')
R11: 0x246 
R12: 0x1 
R13: 0x7fffffffe308 --> 0x7fffffffe6cf ("/home/tkitahar/ctf/pwn/nishi-shinjuku/rop/rop")
R14: 0x7ffff7ff3530 --> 0x7ffff7f2f8f0 (<frame_dummy>:	endbr64)
R15: 0x1
EFLAGS: 0x206 (carry PARITY adjust zero sign trap INTERRUPT direction overflow)
[-------------------------------------code-------------------------------------]
   0x7ffff7f2f96a <main+113>:	mov    edx,0x70
   0x7ffff7f2f96f <main+118>:	mov    rsi,rax
   0x7ffff7f2f972 <main+121>:	mov    edi,0x0
=> 0x7ffff7f2f977 <main+126>:	call   0x7ffff7f7d490 <read>
   0x7ffff7f2f97c <main+131>:	mov    edx,0x0
   0x7ffff7f2f981 <main+136>:	mov    esi,0x0
   0x7ffff7f2f986 <main+141>:	mov    edi,0x0
   0x7ffff7f2f98b <main+146>:	call   0x7ffff7f7cad0 <execve>
Guessed arguments:
arg[0]: 0x0 
arg[1]: 0x7fffffffe100 --> 0x0 
arg[2]: 0x70 ('p')
[------------------------------------stack-------------------------------------]
0000| 0x7fffffffe0f0 --> 0xcc510 
0008| 0x7fffffffe0f8 --> 0x0 
0016| 0x7fffffffe100 --> 0x0 
0024| 0x7fffffffe108 --> 0x0 
0032| 0x7fffffffe110 --> 0x6313a3833 
0040| 0x7fffffffe118 --> 0x35e007d16cac0700 
0048| 0x7fffffffe120 --> 0x1 
0056| 0x7fffffffe128 --> 0x7ffff7f2fe0a (<__libc_start_call_main+106>:	mov    edi,eax)
[------------------------------------------------------------------------------]
Legend: code, data, rodata, value

Breakpoint 1, 0x00007ffff7f2f977 in main ()
gdb-peda$ telescope $rsi 10
0000| 0x7fffffffe100 --> 0x0 
0008| 0x7fffffffe108 --> 0x0 
0016| 0x7fffffffe110 --> 0x6313a3833 
0024| 0x7fffffffe118 --> 0x35e007d16cac0700 
0032| 0x7fffffffe120 --> 0x1 
0040| 0x7fffffffe128 --> 0x7ffff7f2fe0a (<__libc_start_call_main+106>:	mov    edi,eax)
0048| 0x7fffffffe130 --> 0x2000000000 ('')
0056| 0x7fffffffe138 --> 0x7ffff7f2f8f9 (<main>:	endbr64)
0064| 0x7fffffffe140 --> 0x100000000 
0072| 0x7fffffffe148 --> 0x7fffffffe308 --> 0x7fffffffe6cf ("/home/tkitahar/ctf/pwn/nishi-shinjuku/rop/rop")
gdb-peda$ 

